  [1m[35m (0.2ms)[0m  [1m[34mSELECT sqlite_version(*)[0m
  ↳ bin/rails:9
  [1m[35m (27.4ms)[0m  [1m[35mCREATE TABLE "schema_migrations" ("version" varchar NOT NULL PRIMARY KEY)[0m
  ↳ bin/rails:9
  [1m[35m (11.7ms)[0m  [1m[35mCREATE TABLE "ar_internal_metadata" ("key" varchar NOT NULL PRIMARY KEY, "value" varchar, "created_at" datetime NOT NULL, "updated_at" datetime NOT NULL)[0m
  ↳ bin/rails:9
  [1m[35m (0.6ms)[0m  [1m[34mSELECT "schema_migrations"."version" FROM "schema_migrations" ORDER BY "schema_migrations"."version" ASC[0m
  ↳ bin/rails:9
Migrating to CreateProblems (20200720081322)
  [1m[35m (0.2ms)[0m  [1m[36mbegin transaction[0m
  ↳ bin/rails:9
  [1m[35m (0.8ms)[0m  [1m[35mCREATE TABLE "problems" ("id" integer PRIMARY KEY AUTOINCREMENT NOT NULL, "description" text, "type" varchar, "solution" text, "created_at" datetime NOT NULL, "updated_at" datetime NOT NULL)[0m
  ↳ db/migrate/20200720081322_create_problems.rb:3
  [1m[36mActiveRecord::SchemaMigration Create (0.9ms)[0m  [1m[32mINSERT INTO "schema_migrations" ("version") VALUES (?)[0m  [["version", "20200720081322"]]
  ↳ bin/rails:9
  [1m[35m (18.2ms)[0m  [1m[36mcommit transaction[0m
  ↳ bin/rails:9
  [1m[36mActiveRecord::InternalMetadata Load (1.4ms)[0m  [1m[34mSELECT  "ar_internal_metadata".* FROM "ar_internal_metadata" WHERE "ar_internal_metadata"."key" = ? LIMIT ?[0m  [["key", "environment"], ["LIMIT", 1]]
  ↳ bin/rails:9
  [1m[35m (0.5ms)[0m  [1m[36mbegin transaction[0m
  ↳ bin/rails:9
  [1m[36mActiveRecord::InternalMetadata Create (2.2ms)[0m  [1m[32mINSERT INTO "ar_internal_metadata" ("key", "value", "created_at", "updated_at") VALUES (?, ?, ?, ?)[0m  [["key", "environment"], ["value", "development"], ["created_at", "2020-07-20 08:16:12.134256"], ["updated_at", "2020-07-20 08:16:12.134256"]]
  ↳ bin/rails:9
  [1m[35m (17.4ms)[0m  [1m[36mcommit transaction[0m
  ↳ bin/rails:9
  [1m[35m (0.7ms)[0m  [1m[34mSELECT "schema_migrations"."version" FROM "schema_migrations" ORDER BY "schema_migrations"."version" ASC[0m
  ↳ bin/rails:9
Started GET "/" for 127.0.0.1 at 2020-07-20 11:18:02 +0300
  [1m[35m (0.2ms)[0m  [1m[34mSELECT "schema_migrations"."version" FROM "schema_migrations" ORDER BY "schema_migrations"."version" ASC[0m
  ↳ /home/nakitto/.rbenv/versions/2.6.5/lib/ruby/gems/2.6.0/gems/activerecord-5.2.4.3/lib/active_record/log_subscriber.rb:98
Processing by Rails::WelcomeController#index as HTML
  Rendering /home/nakitto/.rbenv/versions/2.6.5/lib/ruby/gems/2.6.0/gems/railties-5.2.4.3/lib/rails/templates/rails/welcome/index.html.erb
  Rendered /home/nakitto/.rbenv/versions/2.6.5/lib/ruby/gems/2.6.0/gems/railties-5.2.4.3/lib/rails/templates/rails/welcome/index.html.erb (6.6ms)
Completed 200 OK in 23ms (Views: 13.4ms | ActiveRecord: 0.0ms)


Started GET "/" for 127.0.0.1 at 2020-07-20 11:21:38 +0300
Processing by ProblemsController#index as HTML
  Rendering problems/index.html.erb within layouts/application
  [1m[36mProblem Load (0.2ms)[0m  [1m[34mSELECT "problems".* FROM "problems"[0m
  ↳ app/views/problems/index.html.erb:16
  Rendered problems/index.html.erb within layouts/application (2.9ms)
Completed 200 OK in 1619ms (Views: 1615.2ms | ActiveRecord: 0.6ms)


Started GET "/problems/new" for 127.0.0.1 at 2020-07-20 11:21:48 +0300
Processing by ProblemsController#new as HTML
  Rendering problems/new.html.erb within layouts/application
  Rendered problems/_form.html.erb (25.8ms)
  Rendered problems/new.html.erb within layouts/application (27.2ms)
Completed 200 OK in 65ms (Views: 52.0ms | ActiveRecord: 0.8ms)


Started GET "/problems/new" for 127.0.0.1 at 2020-07-20 11:31:57 +0300
Processing by ProblemsController#new as HTML
  Rendering problems/new.html.erb within layouts/application
  Rendered problems/_form.html.erb (8.5ms)
  Rendered problems/new.html.erb within layouts/application (10.8ms)
Completed 200 OK in 39ms (Views: 37.3ms | ActiveRecord: 0.0ms)


Started GET "/problems/new" for 127.0.0.1 at 2020-07-20 11:33:18 +0300
Processing by ProblemsController#new as HTML
  Rendering problems/new.html.erb within layouts/application
  Rendered problems/_form.html.erb (2.2ms)
  Rendered problems/new.html.erb within layouts/application (3.0ms)
Completed 200 OK in 22ms (Views: 21.1ms | ActiveRecord: 0.0ms)


Started GET "/problems/new" for 127.0.0.1 at 2020-07-20 11:33:55 +0300
Processing by ProblemsController#new as HTML
  Rendering problems/new.html.erb within layouts/application
  Rendered problems/_form.html.erb (2.3ms)
  Rendered problems/new.html.erb within layouts/application (3.6ms)
Completed 200 OK in 20ms (Views: 19.3ms | ActiveRecord: 0.0ms)


Started GET "/problems/new" for 127.0.0.1 at 2020-07-20 11:34:45 +0300
Processing by ProblemsController#new as HTML
  Rendering problems/new.html.erb within layouts/application
  Rendered problems/_form.html.erb (1.9ms)
  Rendered problems/new.html.erb within layouts/application (2.8ms)
Completed 200 OK in 57ms (Views: 54.8ms | ActiveRecord: 0.0ms)


Started GET "/problems/new" for 127.0.0.1 at 2020-07-20 11:35:40 +0300
Processing by ProblemsController#new as HTML
  Rendering problems/new.html.erb within layouts/application
  Rendered problems/_form.html.erb (1.9ms)
  Rendered problems/new.html.erb within layouts/application (2.9ms)
Completed 200 OK in 28ms (Views: 27.6ms | ActiveRecord: 0.0ms)


Started GET "/problems/new" for 127.0.0.1 at 2020-07-20 11:36:35 +0300
Processing by ProblemsController#new as HTML
  Rendering problems/new.html.erb within layouts/application
  Rendered problems/_form.html.erb (3.2ms)
  Rendered problems/new.html.erb within layouts/application (7.2ms)
Completed 500 Internal Server Error in 15ms (ActiveRecord: 0.0ms)


  
SyntaxError (/home/nakitto/odin_on_rails/Arrangement/app/views/problems/_form.html.erb:15: syntax error, unexpected '}', expecting =>
...cription, class: {"form-label"} );@output_buffer.safe_append...
...                              ^
/home/nakitto/odin_on_rails/Arrangement/app/views/problems/_form.html.erb:32: syntax error, unexpected end, expecting ')'
'.freeze; end 
          ^~~
/home/nakitto/odin_on_rails/Arrangement/app/views/problems/_form.html.erb:34: syntax error, unexpected ensure, expecting ')'
          ensure
          ^~~~~~
/home/nakitto/odin_on_rails/Arrangement/app/views/problems/_form.html.erb:36: syntax error, unexpected end, expecting ')'
          end
          ^~~):
  
app/views/problems/_form.html.erb:15: syntax error, unexpected '}', expecting =>
app/views/problems/_form.html.erb:32: syntax error, unexpected end, expecting ')'
app/views/problems/_form.html.erb:34: syntax error, unexpected ensure, expecting ')'
app/views/problems/_form.html.erb:36: syntax error, unexpected end, expecting ')'
app/views/problems/new.html.erb:5:in `_app_views_problems_new_html_erb___2522101692830140058_69836403493600'
Started GET "/problems/new" for 127.0.0.1 at 2020-07-20 11:40:04 +0300
Processing by ProblemsController#new as HTML
  Rendering problems/new.html.erb within layouts/application
  Rendered problems/_form.html.erb (0.6ms)
  Rendered problems/new.html.erb within layouts/application (1.4ms)
Completed 500 Internal Server Error in 4ms (ActiveRecord: 0.0ms)


  
SyntaxError (/home/nakitto/odin_on_rails/Arrangement/app/views/problems/_form.html.erb:15: syntax error, unexpected '}', expecting =>
... :description, class: {"label"} );@output_buffer.safe_append...
...                              ^
/home/nakitto/odin_on_rails/Arrangement/app/views/problems/_form.html.erb:32: syntax error, unexpected end, expecting ')'
'.freeze; end 
          ^~~
/home/nakitto/odin_on_rails/Arrangement/app/views/problems/_form.html.erb:34: syntax error, unexpected ensure, expecting ')'
          ensure
          ^~~~~~
/home/nakitto/odin_on_rails/Arrangement/app/views/problems/_form.html.erb:36: syntax error, unexpected end, expecting ')'
          end
          ^~~):
  
app/views/problems/_form.html.erb:15: syntax error, unexpected '}', expecting =>
app/views/problems/_form.html.erb:32: syntax error, unexpected end, expecting ')'
app/views/problems/_form.html.erb:34: syntax error, unexpected ensure, expecting ')'
app/views/problems/_form.html.erb:36: syntax error, unexpected end, expecting ')'
app/views/problems/new.html.erb:5:in `_app_views_problems_new_html_erb___2522101692830140058_69836407518600'
Started GET "/problems/new" for 127.0.0.1 at 2020-07-20 11:57:10 +0300
Processing by ProblemsController#new as HTML
  Rendering problems/new.html.erb within layouts/application
  Rendered problems/_form.html.erb (4.7ms)
  Rendered problems/new.html.erb within layouts/application (6.1ms)
Completed 200 OK in 30ms (Views: 28.2ms | ActiveRecord: 0.0ms)


Started GET "/problems/new" for 127.0.0.1 at 2020-07-20 11:58:55 +0300
Processing by ProblemsController#new as HTML
  Rendering problems/new.html.erb within layouts/application
  Rendered problems/_form.html.erb (0.6ms)
  Rendered problems/new.html.erb within layouts/application (1.4ms)
Completed 500 Internal Server Error in 4ms (ActiveRecord: 0.0ms)


  
SyntaxError (/home/nakitto/odin_on_rails/Arrangement/app/views/problems/_form.html.erb:30: syntax error, unexpected =>, expecting '.' or &. or :: or '['
...append=( form.submit, :class => "btn" );@output_buffer.safe_...
...                             ^~):
  
app/views/problems/_form.html.erb:30: syntax error, unexpected =>, expecting '.' or &. or :: or '['
app/views/problems/new.html.erb:5:in `_app_views_problems_new_html_erb___2522101692830140058_69836420703060'
Started GET "/problems/new" for 127.0.0.1 at 2020-07-20 11:59:39 +0300
Processing by ProblemsController#new as HTML
  Rendering problems/new.html.erb within layouts/application
  Rendered problems/_form.html.erb (0.7ms)
  Rendered problems/new.html.erb within layouts/application (1.5ms)
Completed 500 Internal Server Error in 7ms (ActiveRecord: 0.0ms)


  
SyntaxError (/home/nakitto/odin_on_rails/Arrangement/app/views/problems/_form.html.erb:30: syntax error, unexpected =>, expecting '.' or &. or :: or '['
...append=( form.submit, :class => "btn" );@output_buffer.safe_...
...                             ^~):
  
app/views/problems/_form.html.erb:30: syntax error, unexpected =>, expecting '.' or &. or :: or '['
app/views/problems/new.html.erb:5:in `_app_views_problems_new_html_erb___2522101692830140058_69836403847300'
Started GET "/problems/new" for 127.0.0.1 at 2020-07-20 12:00:12 +0300
Processing by ProblemsController#new as HTML
  Rendering problems/new.html.erb within layouts/application
  Rendered problems/_form.html.erb (0.7ms)
  Rendered problems/new.html.erb within layouts/application (2.2ms)
Completed 500 Internal Server Error in 5ms (ActiveRecord: 0.0ms)


  
SyntaxError (/home/nakitto/odin_on_rails/Arrangement/app/views/problems/_form.html.erb:30: syntax error, unexpected =>, expecting '.' or &. or :: or '['
...append=( form.submit, :class => "btn-primary" );@output_buff...
...                             ^~):
  
app/views/problems/_form.html.erb:30: syntax error, unexpected =>, expecting '.' or &. or :: or '['
app/views/problems/new.html.erb:5:in `_app_views_problems_new_html_erb___2522101692830140058_69836413110920'
Started GET "/problems/new" for 127.0.0.1 at 2020-07-20 12:00:46 +0300
Processing by ProblemsController#new as HTML
  Rendering problems/new.html.erb within layouts/application
  Rendered problems/_form.html.erb (2.3ms)
  Rendered problems/new.html.erb within layouts/application (3.0ms)
Completed 200 OK in 47ms (Views: 46.1ms | ActiveRecord: 0.0ms)


Started GET "/problems/new" for 127.0.0.1 at 2020-07-20 12:02:31 +0300
Processing by ProblemsController#new as HTML
  Rendering problems/new.html.erb within layouts/application
  Rendered problems/_form.html.erb (6.0ms)
  Rendered problems/new.html.erb within layouts/application (9.2ms)
Completed 200 OK in 25ms (Views: 23.8ms | ActiveRecord: 0.0ms)


Started GET "/problems/new" for 127.0.0.1 at 2020-07-20 12:02:52 +0300
Processing by ProblemsController#new as HTML
  Rendering problems/new.html.erb within layouts/application
  Rendered problems/_form.html.erb (7.2ms)
  Rendered problems/new.html.erb within layouts/application (10.0ms)
Completed 200 OK in 43ms (Views: 42.3ms | ActiveRecord: 0.0ms)


Started GET "/problems/new" for 127.0.0.1 at 2020-07-20 12:05:02 +0300
Processing by ProblemsController#new as HTML
  Rendering problems/new.html.erb within layouts/application
  Rendered problems/_form.html.erb (2.0ms)
  Rendered problems/new.html.erb within layouts/application (2.9ms)
Completed 200 OK in 23ms (Views: 22.0ms | ActiveRecord: 0.0ms)


Started GET "/problems/new" for 127.0.0.1 at 2020-07-20 12:05:56 +0300
Processing by ProblemsController#new as HTML
  Rendering problems/new.html.erb within layouts/application
  Rendered problems/_form.html.erb (6.9ms)
  Rendered problems/new.html.erb within layouts/application (8.6ms)
Completed 200 OK in 31ms (Views: 30.3ms | ActiveRecord: 0.0ms)


Started GET "/problems/new" for 127.0.0.1 at 2020-07-20 12:06:24 +0300
Processing by ProblemsController#new as HTML
  Rendering problems/new.html.erb within layouts/application
  Rendered problems/_form.html.erb (3.2ms)
  Rendered problems/new.html.erb within layouts/application (4.3ms)
Completed 200 OK in 27ms (Views: 22.0ms | ActiveRecord: 0.0ms)


Started GET "/problems/new" for 127.0.0.1 at 2020-07-20 12:06:50 +0300
Processing by ProblemsController#new as HTML
  Rendering problems/new.html.erb within layouts/application
  Rendered problems/_form.html.erb (7.2ms)
  Rendered problems/new.html.erb within layouts/application (9.2ms)
Completed 200 OK in 34ms (Views: 32.9ms | ActiveRecord: 0.0ms)


Started GET "/problems/new" for 127.0.0.1 at 2020-07-20 12:07:07 +0300
Processing by ProblemsController#new as HTML
  Rendering problems/new.html.erb within layouts/application
  Rendered problems/_form.html.erb (3.8ms)
  Rendered problems/new.html.erb within layouts/application (6.9ms)
Completed 200 OK in 25ms (Views: 21.8ms | ActiveRecord: 0.0ms)


Started GET "/problems/new" for 127.0.0.1 at 2020-07-20 12:10:58 +0300
Processing by ProblemsController#new as HTML
  Rendering problems/new.html.erb within layouts/application
  Rendered problems/_form.html.erb (2.0ms)
  Rendered problems/new.html.erb within layouts/application (2.8ms)
Completed 200 OK in 19ms (Views: 18.0ms | ActiveRecord: 0.0ms)


Started GET "/problems/new" for 127.0.0.1 at 2020-07-20 12:11:42 +0300
Processing by ProblemsController#new as HTML
  Rendering problems/new.html.erb within layouts/application
  Rendered problems/_form.html.erb (1.7ms)
  Rendered problems/new.html.erb within layouts/application (2.4ms)
Completed 200 OK in 20ms (Views: 19.5ms | ActiveRecord: 0.0ms)


Started GET "/problems/new" for 127.0.0.1 at 2020-07-20 12:11:56 +0300
Processing by ProblemsController#new as HTML
  Rendering problems/new.html.erb within layouts/application
  Rendered problems/_form.html.erb (2.2ms)
  Rendered problems/new.html.erb within layouts/application (3.1ms)
Completed 200 OK in 20ms (Views: 19.4ms | ActiveRecord: 0.0ms)


Started GET "/problems/new" for 127.0.0.1 at 2020-07-20 12:12:24 +0300
Processing by ProblemsController#new as HTML
  Rendering problems/new.html.erb within layouts/application
  Rendered problems/_form.html.erb (2.1ms)
  Rendered problems/new.html.erb within layouts/application (2.9ms)
Completed 200 OK in 17ms (Views: 15.9ms | ActiveRecord: 0.0ms)


Started GET "/problems/new" for 127.0.0.1 at 2020-07-20 12:12:33 +0300
Processing by ProblemsController#new as HTML
  Rendering problems/new.html.erb within layouts/application
  Rendered problems/_form.html.erb (4.3ms)
  Rendered problems/new.html.erb within layouts/application (5.4ms)
Completed 200 OK in 21ms (Views: 20.1ms | ActiveRecord: 0.0ms)


Started GET "/problems/new" for 127.0.0.1 at 2020-07-20 12:13:54 +0300
Processing by ProblemsController#new as HTML
  Rendering problems/new.html.erb within layouts/application
  Rendered problems/_form.html.erb (2.6ms)
  Rendered problems/new.html.erb within layouts/application (3.5ms)
Completed 200 OK in 18ms (Views: 17.6ms | ActiveRecord: 0.0ms)


Started GET "/problems" for 127.0.0.1 at 2020-07-20 12:14:15 +0300
Processing by ProblemsController#index as HTML
  Rendering problems/index.html.erb within layouts/application
  [1m[36mProblem Load (0.5ms)[0m  [1m[34mSELECT "problems".* FROM "problems"[0m
  ↳ app/views/problems/index.html.erb:16
  Rendered problems/index.html.erb within layouts/application (3.5ms)
Completed 200 OK in 19ms (Views: 17.0ms | ActiveRecord: 0.5ms)


Started GET "/problems" for 127.0.0.1 at 2020-07-20 12:15:10 +0300
Processing by ProblemsController#index as HTML
  Rendering problems/index.html.erb within layouts/application
  [1m[36mProblem Load (0.1ms)[0m  [1m[34mSELECT "problems".* FROM "problems"[0m
  ↳ app/views/problems/index.html.erb:16
  Rendered problems/index.html.erb within layouts/application (1.0ms)
Completed 200 OK in 17ms (Views: 16.0ms | ActiveRecord: 0.1ms)


Started GET "/problems" for 127.0.0.1 at 2020-07-20 12:16:26 +0300
Processing by ProblemsController#index as HTML
  Rendering problems/index.html.erb within layouts/application
  [1m[36mProblem Load (0.1ms)[0m  [1m[34mSELECT "problems".* FROM "problems"[0m
  ↳ app/views/problems/index.html.erb:17
  Rendered problems/index.html.erb within layouts/application (1.2ms)
Completed 200 OK in 14ms (Views: 13.2ms | ActiveRecord: 0.1ms)


Started GET "/problems/new" for 127.0.0.1 at 2020-07-20 12:17:34 +0300
Processing by ProblemsController#new as HTML
  Rendering problems/new.html.erb within layouts/application
  Rendered problems/_form.html.erb (2.9ms)
  Rendered problems/new.html.erb within layouts/application (4.3ms)
Completed 200 OK in 16ms (Views: 14.8ms | ActiveRecord: 0.0ms)


Started GET "/problems/new" for 127.0.0.1 at 2020-07-20 12:18:00 +0300
Processing by ProblemsController#new as HTML
  Rendering problems/new.html.erb within layouts/application
  Rendered problems/_form.html.erb (2.6ms)
  Rendered problems/new.html.erb within layouts/application (3.4ms)
Completed 200 OK in 22ms (Views: 21.1ms | ActiveRecord: 0.0ms)


Started GET "/problems" for 127.0.0.1 at 2020-07-20 12:18:12 +0300
Processing by ProblemsController#index as HTML
  Rendering problems/index.html.erb within layouts/application
  [1m[36mProblem Load (0.1ms)[0m  [1m[34mSELECT "problems".* FROM "problems"[0m
  ↳ app/views/problems/index.html.erb:17
  Rendered problems/index.html.erb within layouts/application (1.3ms)
Completed 200 OK in 18ms (Views: 16.9ms | ActiveRecord: 0.1ms)


Started GET "/problems" for 127.0.0.1 at 2020-07-20 12:19:02 +0300
Processing by ProblemsController#index as HTML
  Rendering problems/index.html.erb within layouts/application
  [1m[36mProblem Load (0.1ms)[0m  [1m[34mSELECT "problems".* FROM "problems"[0m
  ↳ app/views/problems/index.html.erb:17
  Rendered problems/index.html.erb within layouts/application (1.2ms)
Completed 200 OK in 16ms (Views: 14.5ms | ActiveRecord: 0.1ms)


Started GET "/problems" for 127.0.0.1 at 2020-07-20 12:19:20 +0300
Processing by ProblemsController#index as HTML
  Rendering problems/index.html.erb within layouts/application
  [1m[36mProblem Load (0.1ms)[0m  [1m[34mSELECT "problems".* FROM "problems"[0m
  ↳ app/views/problems/index.html.erb:17
  Rendered problems/index.html.erb within layouts/application (1.3ms)
Completed 200 OK in 13ms (Views: 12.1ms | ActiveRecord: 0.1ms)


Started GET "/problems" for 127.0.0.1 at 2020-07-20 12:20:17 +0300
Processing by ProblemsController#index as HTML
  Rendering problems/index.html.erb within layouts/application
  [1m[36mProblem Load (0.2ms)[0m  [1m[34mSELECT "problems".* FROM "problems"[0m
  ↳ app/views/problems/index.html.erb:17
  Rendered problems/index.html.erb within layouts/application (1.3ms)
Completed 200 OK in 14ms (Views: 12.7ms | ActiveRecord: 0.2ms)


Started GET "/problems" for 127.0.0.1 at 2020-07-20 12:20:33 +0300
Processing by ProblemsController#index as HTML
  Rendering problems/index.html.erb within layouts/application
  [1m[36mProblem Load (0.2ms)[0m  [1m[34mSELECT "problems".* FROM "problems"[0m
  ↳ app/views/problems/index.html.erb:17
  Rendered problems/index.html.erb within layouts/application (1.4ms)
Completed 200 OK in 13ms (Views: 12.5ms | ActiveRecord: 0.2ms)


Started GET "/problems/new" for 127.0.0.1 at 2020-07-20 12:20:45 +0300
Processing by ProblemsController#new as HTML
  Rendering problems/new.html.erb within layouts/application
  Rendered problems/_form.html.erb (2.1ms)
  Rendered problems/new.html.erb within layouts/application (3.0ms)
Completed 200 OK in 18ms (Views: 17.2ms | ActiveRecord: 0.0ms)


Started GET "/problems" for 127.0.0.1 at 2020-07-20 12:20:52 +0300
Processing by ProblemsController#index as HTML
  Rendering problems/index.html.erb within layouts/application
  [1m[36mProblem Load (0.2ms)[0m  [1m[34mSELECT "problems".* FROM "problems"[0m
  ↳ app/views/problems/index.html.erb:17
  Rendered problems/index.html.erb within layouts/application (1.8ms)
Completed 200 OK in 17ms (Views: 15.5ms | ActiveRecord: 0.2ms)


Started GET "/problems/new" for 127.0.0.1 at 2020-07-20 12:20:55 +0300
Processing by ProblemsController#new as HTML
  Rendering problems/new.html.erb within layouts/application
  Rendered problems/_form.html.erb (11.9ms)
  Rendered problems/new.html.erb within layouts/application (14.8ms)
Completed 200 OK in 52ms (Views: 50.6ms | ActiveRecord: 0.0ms)


Started GET "/problems" for 127.0.0.1 at 2020-07-20 12:20:57 +0300
Processing by ProblemsController#index as HTML
  Rendering problems/index.html.erb within layouts/application
  [1m[36mProblem Load (0.2ms)[0m  [1m[34mSELECT "problems".* FROM "problems"[0m
  ↳ app/views/problems/index.html.erb:17
  Rendered problems/index.html.erb within layouts/application (2.2ms)
Completed 200 OK in 33ms (Views: 31.5ms | ActiveRecord: 0.2ms)


Started GET "/problems/new" for 127.0.0.1 at 2020-07-20 12:21:59 +0300
Processing by ProblemsController#new as HTML
  Rendering problems/new.html.erb within layouts/application
  Rendered problems/_form.html.erb (3.7ms)
  Rendered problems/new.html.erb within layouts/application (4.6ms)
Completed 200 OK in 18ms (Views: 16.8ms | ActiveRecord: 0.0ms)


Started POST "/problems" for 127.0.0.1 at 2020-07-20 12:23:53 +0300
Processing by ProblemsController#create as HTML
  Parameters: {"utf8"=>"✓", "authenticity_token"=>"LAEvgtpXfx5bfXagxIE2NeMpFuLukBlcl/ILFaXxmyZFuJETVB6T3t1FFxrnN4HdalAgtM2uLpUViWA5csxzOw==", "problem"=>{"type"=>"Ruby on Rails", "description"=>"Where does the class declaration go? \r\nWhen adding classes to scaffolded form ruby on rails.\r\nI'm getting errors on multiple attempts.", "solution"=>"<%= f.submit 'name of button here', :class => 'submit_class_name_here' %>"}, "commit"=>"Create Problem"}
Completed 500 Internal Server Error in 1ms (ActiveRecord: 0.0ms)


  
ActiveRecord::SubclassNotFound (The single-table inheritance mechanism failed to locate the subclass: 'Ruby on Rails'. This error is raised because the column 'type' is reserved for storing the class in case of inheritance. Please rename this column if you didn't intend it to be used for storing the inheritance class or overwrite Problem.inheritance_column to use another column for that information.):
  
app/controllers/problems_controller.rb:27:in `create'
  [1m[35m (0.1ms)[0m  [1m[34mSELECT "schema_migrations"."version" FROM "schema_migrations" ORDER BY "schema_migrations"."version" ASC[0m
  ↳ bin/rails:9
  [1m[35m (0.1ms)[0m  [1m[34mSELECT "schema_migrations"."version" FROM "schema_migrations" ORDER BY "schema_migrations"."version" ASC[0m
  ↳ bin/rails:9
  [1m[35m (0.1ms)[0m  [1m[34mSELECT "schema_migrations"."version" FROM "schema_migrations" ORDER BY "schema_migrations"."version" ASC[0m
  ↳ bin/rails:9
  [1m[35m (0.1ms)[0m  [1m[34mSELECT "schema_migrations"."version" FROM "schema_migrations" ORDER BY "schema_migrations"."version" ASC[0m
  ↳ bin/rails:9
Migrating to CreateProblems (20200720081322)
  [1m[35m (0.1ms)[0m  [1m[36mbegin transaction[0m
  ↳ bin/rails:9
  [1m[35m (0.8ms)[0m  [1m[35mDROP TABLE "problems"[0m
  ↳ bin/rails:9
  [1m[36mActiveRecord::SchemaMigration Destroy (0.3ms)[0m  [1m[31mDELETE FROM "schema_migrations" WHERE "schema_migrations"."version" = ?[0m  [["version", "20200720081322"]]
  ↳ bin/rails:9
  [1m[35m (12.9ms)[0m  [1m[36mcommit transaction[0m
  ↳ bin/rails:9
  [1m[35m (0.2ms)[0m  [1m[34mSELECT "schema_migrations"."version" FROM "schema_migrations" ORDER BY "schema_migrations"."version" ASC[0m
  ↳ bin/rails:9
  [1m[35m (0.1ms)[0m  [1m[34mSELECT "schema_migrations"."version" FROM "schema_migrations" ORDER BY "schema_migrations"."version" ASC[0m
  ↳ bin/rails:9
Migrating to CreateProblems (20200720081322)
  [1m[35m (0.1ms)[0m  [1m[36mbegin transaction[0m
  ↳ bin/rails:9
  [1m[35m (0.1ms)[0m  [1m[34mSELECT sqlite_version(*)[0m
  ↳ db/migrate/20200720081322_create_problems.rb:3
  [1m[35m (0.4ms)[0m  [1m[35mCREATE TABLE "problems" ("id" integer PRIMARY KEY AUTOINCREMENT NOT NULL, "description" text, "category" varchar, "solution" text, "created_at" datetime NOT NULL, "updated_at" datetime NOT NULL)[0m
  ↳ db/migrate/20200720081322_create_problems.rb:3
  [1m[36mActiveRecord::SchemaMigration Create (0.2ms)[0m  [1m[32mINSERT INTO "schema_migrations" ("version") VALUES (?)[0m  [["version", "20200720081322"]]
  ↳ bin/rails:9
  [1m[35m (10.1ms)[0m  [1m[36mcommit transaction[0m
  ↳ bin/rails:9
  [1m[36mActiveRecord::InternalMetadata Load (0.3ms)[0m  [1m[34mSELECT  "ar_internal_metadata".* FROM "ar_internal_metadata" WHERE "ar_internal_metadata"."key" = ? LIMIT ?[0m  [["key", "environment"], ["LIMIT", 1]]
  ↳ bin/rails:9
  [1m[35m (0.1ms)[0m  [1m[36mbegin transaction[0m
  ↳ bin/rails:9
  [1m[35m (0.1ms)[0m  [1m[36mcommit transaction[0m
  ↳ bin/rails:9
  [1m[35m (0.4ms)[0m  [1m[34mSELECT "schema_migrations"."version" FROM "schema_migrations" ORDER BY "schema_migrations"."version" ASC[0m
  ↳ bin/rails:9
Started POST "/problems" for 127.0.0.1 at 2020-07-20 12:32:43 +0300
  [1m[35m (0.2ms)[0m  [1m[34mSELECT "schema_migrations"."version" FROM "schema_migrations" ORDER BY "schema_migrations"."version" ASC[0m
  ↳ /home/nakitto/.rbenv/versions/2.6.5/lib/ruby/gems/2.6.0/gems/activerecord-5.2.4.3/lib/active_record/log_subscriber.rb:98
Processing by ProblemsController#create as HTML
  Parameters: {"utf8"=>"✓", "authenticity_token"=>"LAEvgtpXfx5bfXagxIE2NeMpFuLukBlcl/ILFaXxmyZFuJETVB6T3t1FFxrnN4HdalAgtM2uLpUViWA5csxzOw==", "problem"=>{"type"=>"Ruby on Rails", "description"=>"Where does the class declaration go? \r\nWhen adding classes to scaffolded form ruby on rails.\r\nI'm getting errors on multiple attempts.", "solution"=>"<%= f.submit 'name of button here', :class => 'submit_class_name_here' %>"}, "commit"=>"Create Problem"}
Unpermitted parameter: :type
  [1m[35m (0.1ms)[0m  [1m[36mbegin transaction[0m
  ↳ app/controllers/problems_controller.rb:30
  [1m[36mProblem Create (0.3ms)[0m  [1m[32mINSERT INTO "problems" ("description", "solution", "created_at", "updated_at") VALUES (?, ?, ?, ?)[0m  [["description", "Where does the class declaration go? \r\nWhen adding classes to scaffolded form ruby on rails.\r\nI'm getting errors on multiple attempts."], ["solution", "<%= f.submit 'name of button here', :class => 'submit_class_name_here' %>"], ["created_at", "2020-07-20 09:32:43.338423"], ["updated_at", "2020-07-20 09:32:43.338423"]]
  ↳ app/controllers/problems_controller.rb:30
  [1m[35m (18.4ms)[0m  [1m[36mcommit transaction[0m
  ↳ app/controllers/problems_controller.rb:30
Redirected to http://localhost:3000/
Completed 302 Found in 48ms (ActiveRecord: 21.0ms)


Started GET "/" for 127.0.0.1 at 2020-07-20 12:32:43 +0300
Processing by ProblemsController#index as HTML
  Rendering problems/index.html.erb within layouts/application
  [1m[36mProblem Load (0.2ms)[0m  [1m[34mSELECT "problems".* FROM "problems"[0m
  ↳ app/views/problems/index.html.erb:17
  Rendered problems/index.html.erb within layouts/application (3.6ms)
Completed 200 OK in 316ms (Views: 311.6ms | ActiveRecord: 0.2ms)


Started DELETE "/problems/1" for 127.0.0.1 at 2020-07-20 12:33:09 +0300
Processing by ProblemsController#destroy as HTML
  Parameters: {"authenticity_token"=>"pQdLLk+WlRRGxfBTzL7L2k7mOm465sTkQesjtkdVFujp2CFJ4WXAgGDTSTVicbas4T20qk6+AOhZzKe+eA9+Mg==", "id"=>"1"}
  [1m[36mProblem Load (0.2ms)[0m  [1m[34mSELECT  "problems".* FROM "problems" WHERE "problems"."id" = ? LIMIT ?[0m  [["id", 1], ["LIMIT", 1]]
  ↳ app/controllers/problems_controller.rb:68
  [1m[35m (0.1ms)[0m  [1m[36mbegin transaction[0m
  ↳ app/controllers/problems_controller.rb:58
  [1m[36mProblem Destroy (0.3ms)[0m  [1m[31mDELETE FROM "problems" WHERE "problems"."id" = ?[0m  [["id", 1]]
  ↳ app/controllers/problems_controller.rb:58
  [1m[35m (12.1ms)[0m  [1m[36mcommit transaction[0m
  ↳ app/controllers/problems_controller.rb:58
Redirected to http://localhost:3000/problems
Completed 302 Found in 24ms (ActiveRecord: 12.7ms)


Started GET "/problems" for 127.0.0.1 at 2020-07-20 12:33:09 +0300
Processing by ProblemsController#index as HTML
  Rendering problems/index.html.erb within layouts/application
  [1m[36mProblem Load (0.2ms)[0m  [1m[34mSELECT "problems".* FROM "problems"[0m
  ↳ app/views/problems/index.html.erb:17
  Rendered problems/index.html.erb within layouts/application (1.7ms)
Completed 200 OK in 14ms (Views: 13.0ms | ActiveRecord: 0.2ms)


Started GET "/problems/new" for 127.0.0.1 at 2020-07-20 12:33:12 +0300
Processing by ProblemsController#new as HTML
  Rendering problems/new.html.erb within layouts/application
  Rendered problems/_form.html.erb (24.0ms)
  Rendered problems/new.html.erb within layouts/application (25.1ms)
Completed 200 OK in 46ms (Views: 44.4ms | ActiveRecord: 0.0ms)


Started POST "/problems" for 127.0.0.1 at 2020-07-20 12:33:40 +0300
Processing by ProblemsController#create as HTML
  Parameters: {"utf8"=>"✓", "authenticity_token"=>"DYFc/S7NBXmE4FZ2mFLBEq2ueYPfYih2mfA+fEfmaNtkOOJsoITpuQLYN8y75Hb6JNdP1fxcH78bi1VQkNuAxg==", "problem"=>{"category"=>"Ruby on rails", "description"=>"Where does the class declaration go? When adding classes to scaffolded form ruby on rails. I'm getting errors on multiple attempts.", "solution"=>"<%= f.submit 'name of button here', :class => 'submit_class_name_here' %>"}, "commit"=>"Create Problem"}
  [1m[35m (0.4ms)[0m  [1m[36mbegin transaction[0m
  ↳ app/controllers/problems_controller.rb:30
  [1m[36mProblem Create (1.6ms)[0m  [1m[32mINSERT INTO "problems" ("description", "category", "solution", "created_at", "updated_at") VALUES (?, ?, ?, ?, ?)[0m  [["description", "Where does the class declaration go? When adding classes to scaffolded form ruby on rails. I'm getting errors on multiple attempts."], ["category", "Ruby on rails"], ["solution", "<%= f.submit 'name of button here', :class => 'submit_class_name_here' %>"], ["created_at", "2020-07-20 09:33:40.351082"], ["updated_at", "2020-07-20 09:33:40.351082"]]
  ↳ app/controllers/problems_controller.rb:30
  [1m[35m (15.2ms)[0m  [1m[36mcommit transaction[0m
  ↳ app/controllers/problems_controller.rb:30
Redirected to http://localhost:3000/
Completed 302 Found in 36ms (ActiveRecord: 17.2ms)


Started GET "/" for 127.0.0.1 at 2020-07-20 12:33:40 +0300
Processing by ProblemsController#index as HTML
  Rendering problems/index.html.erb within layouts/application
  [1m[36mProblem Load (1.2ms)[0m  [1m[34mSELECT "problems".* FROM "problems"[0m
  ↳ app/views/problems/index.html.erb:17
  Rendered problems/index.html.erb within layouts/application (9.0ms)
Completed 200 OK in 67ms (Views: 62.7ms | ActiveRecord: 1.2ms)


Started GET "/problems/2" for 127.0.0.1 at 2020-07-20 12:33:53 +0300
Processing by ProblemsController#show as HTML
  Parameters: {"id"=>"2"}
  [1m[36mProblem Load (0.2ms)[0m  [1m[34mSELECT  "problems".* FROM "problems" WHERE "problems"."id" = ? LIMIT ?[0m  [["id", 2], ["LIMIT", 1]]
  ↳ app/controllers/problems_controller.rb:68
  Rendering problems/show.html.erb within layouts/application
  Rendered problems/show.html.erb within layouts/application (0.6ms)
Completed 200 OK in 16ms (Views: 13.7ms | ActiveRecord: 0.2ms)


Started GET "/problems/2" for 127.0.0.1 at 2020-07-20 12:34:52 +0300
Processing by ProblemsController#show as HTML
  Parameters: {"id"=>"2"}
  [1m[36mProblem Load (0.1ms)[0m  [1m[34mSELECT  "problems".* FROM "problems" WHERE "problems"."id" = ? LIMIT ?[0m  [["id", 2], ["LIMIT", 1]]
  ↳ app/controllers/problems_controller.rb:68
  Rendering problems/show.html.erb within layouts/application
  Rendered problems/show.html.erb within layouts/application (0.7ms)
Completed 200 OK in 15ms (Views: 13.5ms | ActiveRecord: 0.1ms)


Started GET "/problems/2" for 127.0.0.1 at 2020-07-20 12:36:16 +0300
Processing by ProblemsController#show as HTML
  Parameters: {"id"=>"2"}
  [1m[36mProblem Load (0.2ms)[0m  [1m[34mSELECT  "problems".* FROM "problems" WHERE "problems"."id" = ? LIMIT ?[0m  [["id", 2], ["LIMIT", 1]]
  ↳ app/controllers/problems_controller.rb:68
  Rendering problems/show.html.erb within layouts/application
  Rendered problems/show.html.erb within layouts/application (0.8ms)
Completed 200 OK in 28ms (Views: 26.7ms | ActiveRecord: 0.2ms)


Started GET "/problems/2" for 127.0.0.1 at 2020-07-20 12:37:41 +0300
Processing by ProblemsController#show as HTML
  Parameters: {"id"=>"2"}
  [1m[36mProblem Load (0.2ms)[0m  [1m[34mSELECT  "problems".* FROM "problems" WHERE "problems"."id" = ? LIMIT ?[0m  [["id", 2], ["LIMIT", 1]]
  ↳ app/controllers/problems_controller.rb:68
  Rendering problems/show.html.erb within layouts/application
  Rendered problems/show.html.erb within layouts/application (0.7ms)
Completed 200 OK in 51ms (Views: 49.2ms | ActiveRecord: 0.2ms)


Started GET "/problems/2" for 127.0.0.1 at 2020-07-20 12:41:10 +0300
Processing by ProblemsController#show as HTML
  Parameters: {"id"=>"2"}
  [1m[36mProblem Load (0.2ms)[0m  [1m[34mSELECT  "problems".* FROM "problems" WHERE "problems"."id" = ? LIMIT ?[0m  [["id", 2], ["LIMIT", 1]]
  ↳ app/controllers/problems_controller.rb:68
  Rendering problems/show.html.erb within layouts/application
  Rendered problems/show.html.erb within layouts/application (0.6ms)
Completed 200 OK in 14ms (Views: 12.8ms | ActiveRecord: 0.2ms)


Started GET "/problems/2" for 127.0.0.1 at 2020-07-20 12:42:23 +0300
Processing by ProblemsController#show as HTML
  Parameters: {"id"=>"2"}
  [1m[36mProblem Load (0.1ms)[0m  [1m[34mSELECT  "problems".* FROM "problems" WHERE "problems"."id" = ? LIMIT ?[0m  [["id", 2], ["LIMIT", 1]]
  ↳ app/controllers/problems_controller.rb:68
  Rendering problems/show.html.erb within layouts/application
  Rendered problems/show.html.erb within layouts/application (0.6ms)
Completed 200 OK in 20ms (Views: 18.2ms | ActiveRecord: 0.1ms)


Started GET "/problems/2" for 127.0.0.1 at 2020-07-20 12:42:59 +0300
Processing by ProblemsController#show as HTML
  Parameters: {"id"=>"2"}
  [1m[36mProblem Load (0.1ms)[0m  [1m[34mSELECT  "problems".* FROM "problems" WHERE "problems"."id" = ? LIMIT ?[0m  [["id", 2], ["LIMIT", 1]]
  ↳ app/controllers/problems_controller.rb:68
  Rendering problems/show.html.erb within layouts/application
  Rendered problems/show.html.erb within layouts/application (4.2ms)
Completed 200 OK in 25ms (Views: 23.2ms | ActiveRecord: 0.1ms)


Started GET "/problems/2" for 127.0.0.1 at 2020-07-20 12:43:12 +0300
Processing by ProblemsController#show as HTML
  Parameters: {"id"=>"2"}
  [1m[36mProblem Load (0.1ms)[0m  [1m[34mSELECT  "problems".* FROM "problems" WHERE "problems"."id" = ? LIMIT ?[0m  [["id", 2], ["LIMIT", 1]]
  ↳ app/controllers/problems_controller.rb:68
  Rendering problems/show.html.erb within layouts/application
  Rendered problems/show.html.erb within layouts/application (0.7ms)
Completed 200 OK in 18ms (Views: 16.3ms | ActiveRecord: 0.1ms)


Started GET "/problems/2" for 127.0.0.1 at 2020-07-20 12:43:45 +0300
Processing by ProblemsController#show as HTML
  Parameters: {"id"=>"2"}
  [1m[36mProblem Load (0.4ms)[0m  [1m[34mSELECT  "problems".* FROM "problems" WHERE "problems"."id" = ? LIMIT ?[0m  [["id", 2], ["LIMIT", 1]]
  ↳ app/controllers/problems_controller.rb:68
  Rendering problems/show.html.erb within layouts/application
  Rendered problems/show.html.erb within layouts/application (0.6ms)
Completed 200 OK in 28ms (Views: 23.5ms | ActiveRecord: 0.4ms)


Started GET "/problems/2" for 127.0.0.1 at 2020-07-20 12:44:04 +0300
Processing by ProblemsController#show as HTML
  Parameters: {"id"=>"2"}
  [1m[36mProblem Load (0.1ms)[0m  [1m[34mSELECT  "problems".* FROM "problems" WHERE "problems"."id" = ? LIMIT ?[0m  [["id", 2], ["LIMIT", 1]]
  ↳ app/controllers/problems_controller.rb:68
  Rendering problems/show.html.erb within layouts/application
  Rendered problems/show.html.erb within layouts/application (0.6ms)
Completed 200 OK in 23ms (Views: 21.1ms | ActiveRecord: 0.1ms)


Started GET "/problems/2" for 127.0.0.1 at 2020-07-20 12:44:51 +0300
Processing by ProblemsController#show as HTML
  Parameters: {"id"=>"2"}
  [1m[36mProblem Load (0.1ms)[0m  [1m[34mSELECT  "problems".* FROM "problems" WHERE "problems"."id" = ? LIMIT ?[0m  [["id", 2], ["LIMIT", 1]]
  ↳ app/controllers/problems_controller.rb:68
  Rendering problems/show.html.erb within layouts/application
  Rendered problems/show.html.erb within layouts/application (3.2ms)
Completed 200 OK in 26ms (Views: 24.6ms | ActiveRecord: 0.1ms)


Started GET "/problems/2" for 127.0.0.1 at 2020-07-20 12:45:38 +0300
Processing by ProblemsController#show as HTML
  Parameters: {"id"=>"2"}
  [1m[36mProblem Load (0.1ms)[0m  [1m[34mSELECT  "problems".* FROM "problems" WHERE "problems"."id" = ? LIMIT ?[0m  [["id", 2], ["LIMIT", 1]]
  ↳ app/controllers/problems_controller.rb:68
  Rendering problems/show.html.erb within layouts/application
  Rendered problems/show.html.erb within layouts/application (0.5ms)
Completed 200 OK in 11ms (Views: 9.9ms | ActiveRecord: 0.1ms)


Started GET "/problems" for 127.0.0.1 at 2020-07-20 12:45:44 +0300
Processing by ProblemsController#index as HTML
  Rendering problems/index.html.erb within layouts/application
  [1m[36mProblem Load (0.1ms)[0m  [1m[34mSELECT "problems".* FROM "problems"[0m
  ↳ app/views/problems/index.html.erb:17
  Rendered problems/index.html.erb within layouts/application (2.1ms)
Completed 200 OK in 22ms (Views: 20.3ms | ActiveRecord: 0.1ms)


Started GET "/problems/new" for 127.0.0.1 at 2020-07-20 12:45:49 +0300
Processing by ProblemsController#new as HTML
  Rendering problems/new.html.erb within layouts/application
  Rendered problems/_form.html.erb (1.9ms)
  Rendered problems/new.html.erb within layouts/application (2.6ms)
Completed 200 OK in 16ms (Views: 15.6ms | ActiveRecord: 0.0ms)


Started GET "/problems" for 127.0.0.1 at 2020-07-20 12:45:55 +0300
Processing by ProblemsController#index as HTML
  Rendering problems/index.html.erb within layouts/application
  [1m[36mProblem Load (0.1ms)[0m  [1m[34mSELECT "problems".* FROM "problems"[0m
  ↳ app/views/problems/index.html.erb:17
  Rendered problems/index.html.erb within layouts/application (2.9ms)
Completed 200 OK in 25ms (Views: 23.9ms | ActiveRecord: 0.1ms)


Started GET "/problems" for 127.0.0.1 at 2020-07-20 12:46:55 +0300
Processing by ProblemsController#index as HTML
  Rendering problems/index.html.erb within layouts/application
  [1m[36mProblem Load (0.1ms)[0m  [1m[34mSELECT "problems".* FROM "problems"[0m
  ↳ app/views/problems/index.html.erb:17
  Rendered problems/index.html.erb within layouts/application (1.8ms)
Completed 200 OK in 25ms (Views: 20.4ms | ActiveRecord: 0.1ms)


Started GET "/problems" for 127.0.0.1 at 2020-07-20 12:48:19 +0300
Processing by ProblemsController#index as HTML
  Rendering problems/index.html.erb within layouts/application
  [1m[36mProblem Load (0.2ms)[0m  [1m[34mSELECT "problems".* FROM "problems"[0m
  ↳ app/views/problems/index.html.erb:17
  Rendered problems/index.html.erb within layouts/application (1.6ms)
Completed 200 OK in 27ms (Views: 25.4ms | ActiveRecord: 0.2ms)


Started GET "/problems" for 127.0.0.1 at 2020-07-20 12:48:47 +0300
Processing by ProblemsController#index as HTML
  Rendering problems/index.html.erb within layouts/application
  [1m[36mProblem Load (0.4ms)[0m  [1m[34mSELECT "problems".* FROM "problems"[0m
  ↳ app/views/problems/index.html.erb:17
  Rendered problems/index.html.erb within layouts/application (4.7ms)
Completed 200 OK in 33ms (Views: 31.6ms | ActiveRecord: 0.4ms)


Started GET "/problems" for 127.0.0.1 at 2020-07-20 12:49:10 +0300
Processing by ProblemsController#index as HTML
  Rendering problems/index.html.erb within layouts/application
  [1m[36mProblem Load (0.1ms)[0m  [1m[34mSELECT "problems".* FROM "problems"[0m
  ↳ app/views/problems/index.html.erb:17
  Rendered problems/index.html.erb within layouts/application (3.6ms)
Completed 200 OK in 26ms (Views: 24.7ms | ActiveRecord: 0.1ms)


Started GET "/problems/new" for 127.0.0.1 at 2020-07-20 12:49:20 +0300
Processing by ProblemsController#new as HTML
  Rendering problems/new.html.erb within layouts/application
  Rendered problems/_form.html.erb (2.2ms)
  Rendered problems/new.html.erb within layouts/application (3.3ms)
Completed 200 OK in 23ms (Views: 21.2ms | ActiveRecord: 0.0ms)


Started GET "/problems" for 127.0.0.1 at 2020-07-20 12:49:23 +0300
Processing by ProblemsController#index as HTML
  Rendering problems/index.html.erb within layouts/application
  [1m[36mProblem Load (0.1ms)[0m  [1m[34mSELECT "problems".* FROM "problems"[0m
  ↳ app/views/problems/index.html.erb:17
  Rendered problems/index.html.erb within layouts/application (1.6ms)
Completed 200 OK in 33ms (Views: 32.3ms | ActiveRecord: 0.1ms)


Started GET "/problems/2" for 127.0.0.1 at 2020-07-20 12:51:42 +0300
Processing by ProblemsController#show as HTML
  Parameters: {"id"=>"2"}
  [1m[36mProblem Load (0.2ms)[0m  [1m[34mSELECT  "problems".* FROM "problems" WHERE "problems"."id" = ? LIMIT ?[0m  [["id", 2], ["LIMIT", 1]]
  ↳ app/controllers/problems_controller.rb:68
  Rendering problems/show.html.erb within layouts/application
  Rendered problems/show.html.erb within layouts/application (0.9ms)
Completed 200 OK in 26ms (Views: 24.1ms | ActiveRecord: 0.2ms)


Started GET "/problems/2/edit" for 127.0.0.1 at 2020-07-20 12:58:39 +0300
Processing by ProblemsController#edit as HTML
  Parameters: {"id"=>"2"}
  [1m[36mProblem Load (0.2ms)[0m  [1m[34mSELECT  "problems".* FROM "problems" WHERE "problems"."id" = ? LIMIT ?[0m  [["id", 2], ["LIMIT", 1]]
  ↳ app/controllers/problems_controller.rb:68
  Rendering problems/edit.html.erb within layouts/application
  Rendered problems/_form.html.erb (2.4ms)
  Rendered problems/edit.html.erb within layouts/application (3.4ms)
Completed 200 OK in 18ms (Views: 16.9ms | ActiveRecord: 0.2ms)


Started GET "/problems/2/edit" for 127.0.0.1 at 2020-07-20 13:02:55 +0300
Processing by ProblemsController#edit as HTML
  Parameters: {"id"=>"2"}
  [1m[36mProblem Load (0.2ms)[0m  [1m[34mSELECT  "problems".* FROM "problems" WHERE "problems"."id" = ? LIMIT ?[0m  [["id", 2], ["LIMIT", 1]]
  ↳ app/controllers/problems_controller.rb:68
  Rendering problems/edit.html.erb within layouts/application
  Rendered problems/_form.html.erb (16.7ms)
  Rendered problems/edit.html.erb within layouts/application (20.0ms)
Completed 200 OK in 54ms (Views: 52.3ms | ActiveRecord: 0.2ms)


Started GET "/problems/2/edit" for 127.0.0.1 at 2020-07-20 13:04:16 +0300
Processing by ProblemsController#edit as HTML
  Parameters: {"id"=>"2"}
  [1m[36mProblem Load (0.1ms)[0m  [1m[34mSELECT  "problems".* FROM "problems" WHERE "problems"."id" = ? LIMIT ?[0m  [["id", 2], ["LIMIT", 1]]
  ↳ app/controllers/problems_controller.rb:68
  Rendering problems/edit.html.erb within layouts/application
  Rendered problems/_form.html.erb (1.8ms)
  Rendered problems/edit.html.erb within layouts/application (2.6ms)
Completed 200 OK in 18ms (Views: 17.1ms | ActiveRecord: 0.1ms)


Started GET "/problems/2" for 127.0.0.1 at 2020-07-20 13:04:30 +0300
Processing by ProblemsController#show as HTML
  Parameters: {"id"=>"2"}
  [1m[36mProblem Load (0.3ms)[0m  [1m[34mSELECT  "problems".* FROM "problems" WHERE "problems"."id" = ? LIMIT ?[0m  [["id", 2], ["LIMIT", 1]]
  ↳ app/controllers/problems_controller.rb:68
  Rendering problems/show.html.erb within layouts/application
  Rendered problems/show.html.erb within layouts/application (1.0ms)
Completed 200 OK in 15ms (Views: 12.1ms | ActiveRecord: 0.3ms)


Started GET "/problems" for 127.0.0.1 at 2020-07-20 13:04:32 +0300
Processing by ProblemsController#index as HTML
  Rendering problems/index.html.erb within layouts/application
  [1m[36mProblem Load (0.2ms)[0m  [1m[34mSELECT "problems".* FROM "problems"[0m
  ↳ app/views/problems/index.html.erb:17
  Rendered problems/index.html.erb within layouts/application (2.2ms)
Completed 200 OK in 47ms (Views: 45.6ms | ActiveRecord: 0.2ms)


Started GET "/problems/new" for 127.0.0.1 at 2020-07-20 13:04:34 +0300
Processing by ProblemsController#new as HTML
  Rendering problems/new.html.erb within layouts/application
  Rendered problems/_form.html.erb (2.0ms)
  Rendered problems/new.html.erb within layouts/application (3.0ms)
Completed 200 OK in 34ms (Views: 33.3ms | ActiveRecord: 0.0ms)


Started GET "/problems" for 127.0.0.1 at 2020-07-20 13:04:38 +0300
Processing by ProblemsController#index as HTML
  Rendering problems/index.html.erb within layouts/application
  [1m[36mProblem Load (0.6ms)[0m  [1m[34mSELECT "problems".* FROM "problems"[0m
  ↳ app/views/problems/index.html.erb:17
  Rendered problems/index.html.erb within layouts/application (6.1ms)
Completed 200 OK in 28ms (Views: 26.0ms | ActiveRecord: 0.6ms)


Started GET "/problems/2/edit" for 127.0.0.1 at 2020-07-20 13:04:40 +0300
Processing by ProblemsController#edit as HTML
  Parameters: {"id"=>"2"}
  [1m[36mProblem Load (0.8ms)[0m  [1m[34mSELECT  "problems".* FROM "problems" WHERE "problems"."id" = ? LIMIT ?[0m  [["id", 2], ["LIMIT", 1]]
  ↳ app/controllers/problems_controller.rb:68
  Rendering problems/edit.html.erb within layouts/application
  Rendered problems/_form.html.erb (5.0ms)
  Rendered problems/edit.html.erb within layouts/application (6.9ms)
Completed 200 OK in 29ms (Views: 21.7ms | ActiveRecord: 0.8ms)


Started GET "/problems" for 127.0.0.1 at 2020-07-20 13:04:46 +0300
Processing by ProblemsController#index as HTML
  Rendering problems/index.html.erb within layouts/application
  [1m[36mProblem Load (0.4ms)[0m  [1m[34mSELECT "problems".* FROM "problems"[0m
  ↳ app/views/problems/index.html.erb:17
  Rendered problems/index.html.erb within layouts/application (2.2ms)
Completed 200 OK in 31ms (Views: 30.0ms | ActiveRecord: 0.4ms)


